10:11:57 INFO  [ContextLoader] Root WebApplicationContext: initialization started
10:11:57 INFO  [XmlWebApplicationContext] Refreshing org.springframework.web.context.support.XmlWebApplicationContext@8f7943: display name [Root WebApplicationContext]; startup date [Thu May 05 10:11:57 CST 2016]; root of context hierarchy
10:11:57 INFO  [XmlBeanDefinitionReader] Loading XML bean definitions from ServletContext resource [/WEB-INF/classes/portal-root-applicationContext.xml]
10:11:58 INFO  [XmlBeanDefinitionReader] Loading XML bean definitions from class path resource [nstc-uas-context/nstc-uas-core.xml]
10:11:58 INFO  [XmlBeanDefinitionReader] Loading XML bean definitions from class path resource [nstc-uas-context/nstc-uas-component.xml]
10:11:58 INFO  [XmlWebApplicationContext] Bean factory for application context [org.springframework.web.context.support.XmlWebApplicationContext@8f7943]: org.springframework.beans.factory.support.DefaultListableBeanFactory@e1b6ac
10:11:58 INFO  [ContextLoader] Root WebApplicationContext: initialization started
10:11:58 INFO  [XmlWebApplicationContext] Refreshing org.springframework.web.context.support.XmlWebApplicationContext@1cc858: display name [Root WebApplicationContext]; startup date [Thu May 05 10:11:58 CST 2016]; root of context hierarchy
10:11:58 INFO  [XmlBeanDefinitionReader] Loading XML bean definitions from ServletContext resource [/WEB-INF/classes/portal-root-applicationContext.xml]
10:11:58 INFO  [PropertyPlaceholderConfigurer] Loading properties file from class path resource [portal-root-applicationContext.properties]
10:11:58 INFO  [DefaultListableBeanFactory] Pre-instantiating singletons in org.springframework.beans.factory.support.DefaultListableBeanFactory@e1b6ac: defining beans [org.springframework.beans.factory.config.PropertyPlaceholderConfigurer#0,portal.eventServerHttpProxy,portal.eventServer,UAS.dataSource,UAS.jdbcTemplate,UAS.jdbcTxManager,UAS.transactionInterceptor,org.springframework.aop.framework.autoproxy.BeanNameAutoProxyCreator#0,UAS.eventServer,UAS.LoginAction,UAS.BuildTokensAction,UAS.QryResourcesAction,UAS.SaveAccessLogAction,UAS.QryRssURLsAction,UAS.ValidateSpTokenAction,UAS.LogoutAction,UAS.QryAccessLogAction,UAS.QrySwitchUsersAction,UAS.SwitchUserAction,UAS.QrySysParamAction,UAS.QryPwdRuleAction,UAS.ChangePwdAction,UAS.CustomTreeAction,UAS.QryUserRecentMenuAction,UAS.PersonalFileAction,UAS.UserNoticeAction,UAS.PersonalizeAction,UAS.InitCacheAction,UAS.QryThisMenuChildAction,UAS.CacheStateService,UAS.CacheActionService,UAS.CacheUserService,UAS.CacheActionProvider,UAS.CacheUserProvider,UAS.UserService,UAS.PersonService,UAS.ResourceService,UAS.ResouceProvider,defaultLobHandler,UAS.UserDAO,UAS.PersonDAO,UAS.ResourceDAO,UAS.BasicDAO,UAS.JdbcDaoSupport,UAS.CacheDAO,UAS.CacheUserDAO,UAS.CacheActionDAO]; root of factory hierarchy
10:11:58 INFO  [XmlBeanDefinitionReader] Loading XML bean definitions from class path resource [nstc-uas-context/nstc-uas-core.xml]
10:11:58 INFO  [XmlBeanDefinitionReader] Loading XML bean definitions from class path resource [nstc-uas-context/nstc-uas-component.xml]
10:11:58 INFO  [XmlWebApplicationContext] Bean factory for application context [org.springframework.web.context.support.XmlWebApplicationContext@1cc858]: org.springframework.beans.factory.support.DefaultListableBeanFactory@a17e57
10:11:58 INFO  [PropertyPlaceholderConfigurer] Loading properties file from class path resource [portal-root-applicationContext.properties]
10:11:58 INFO  [DefaultListableBeanFactory] Pre-instantiating singletons in org.springframework.beans.factory.support.DefaultListableBeanFactory@a17e57: defining beans [org.springframework.beans.factory.config.PropertyPlaceholderConfigurer#0,portal.eventServerHttpProxy,portal.eventServer,UAS.dataSource,UAS.jdbcTemplate,UAS.jdbcTxManager,UAS.transactionInterceptor,org.springframework.aop.framework.autoproxy.BeanNameAutoProxyCreator#0,UAS.eventServer,UAS.LoginAction,UAS.BuildTokensAction,UAS.QryResourcesAction,UAS.SaveAccessLogAction,UAS.QryRssURLsAction,UAS.ValidateSpTokenAction,UAS.LogoutAction,UAS.QryAccessLogAction,UAS.QrySwitchUsersAction,UAS.SwitchUserAction,UAS.QrySysParamAction,UAS.QryPwdRuleAction,UAS.ChangePwdAction,UAS.CustomTreeAction,UAS.QryUserRecentMenuAction,UAS.PersonalFileAction,UAS.UserNoticeAction,UAS.PersonalizeAction,UAS.InitCacheAction,UAS.QryThisMenuChildAction,UAS.CacheStateService,UAS.CacheActionService,UAS.CacheUserService,UAS.CacheActionProvider,UAS.CacheUserProvider,UAS.UserService,UAS.PersonService,UAS.ResourceService,UAS.ResouceProvider,defaultLobHandler,UAS.UserDAO,UAS.PersonDAO,UAS.ResourceDAO,UAS.BasicDAO,UAS.JdbcDaoSupport,UAS.CacheDAO,UAS.CacheUserDAO,UAS.CacheActionDAO]; root of factory hierarchy
10:11:58 INFO  [ContextLoader] Root WebApplicationContext: initialization completed in 1013 ms
10:11:58 INFO  [XssChecker] 加载:defaultXssChecker.res成功！
10:11:58 INFO  [XssChecker] 加载:D:\n9_servers\fss_web\apache-tomcat-6.0.32\webapps\portal\WEB-INF\classes\nstc-safe.properties成功！
10:11:59 INFO  [ContextLoader] Root WebApplicationContext: initialization completed in 1017 ms
10:11:59 INFO  [XssChecker] 加载:defaultXssChecker.res成功！
10:11:59 INFO  [XssChecker] 加载:D:\n9_servers\sms_web\apache-tomcat-6.0.32\webapps\portal\WEB-INF\classes\nstc-safe.properties成功！
10:15:40 INFO  [NoActionRequestMapping] 加载URL直接映射：{url:main,needLogin:true,page:themes/@theme/main.jsp}
10:15:40 INFO  [NoActionRequestMapping] 加载URL直接映射：{url:left,needLogin:true,page:themes/@theme/left.jsp}
10:15:40 INFO  [NoActionRequestMapping] 加载URL直接映射：{url:header,needLogin:true,page:themes/@theme/header.jsp}
10:15:40 INFO  [NoActionRequestMapping] 加载URL直接映射：{url:menu,needLogin:true,page:themes/@theme/menu.jsp}
10:15:40 INFO  [NoActionRequestMapping] 加载URL直接映射：{url:bottom,needLogin:true,page:themes/@theme/bottom.jsp}
10:15:40 INFO  [NoActionRequestMapping] 加载URL直接映射：{url:modifyIco,needLogin:true,page:page/personalPortrait.jsp}
10:15:40 INFO  [NoActionRequestMapping] 加载URL直接映射：{url:showModifyIco,needLogin:true,page:page/personalPortraitFrame.jsp}
10:15:40 INFO  [NoActionRequestMapping] 加载URL直接映射：{url:welcome,needLogin:true,page:page/showRss.jsp}
10:15:40 INFO  [NoActionRequestMapping] 加载URL直接映射：{url:menuCustom,needLogin:true,page:page/menuCustom.jsp}
10:15:40 INFO  [NoActionRequestMapping] 加载URL直接映射：{url:editMenuCustom,needLogin:true,page:page/menuCustom_edit.jsp}
10:15:40 INFO  [NoActionRequestMapping] 加载URL直接映射：{url:fileManage,needLogin:true,page:page/fileManage.jsp}
10:15:40 INFO  [NoActionRequestMapping] 加载URL直接映射：{url:uploadPage,needLogin:true,page:page/uploadPage.jsp}
10:15:40 INFO  [NoActionRequestMapping] 加载URL直接映射：{url:notice,needLogin:true,page:page/notice.jsp}
10:15:40 INFO  [NoActionRequestMapping] 加载URL直接映射：{url:viewNotice,needLogin:true,page:page/viewNotice.jsp}
10:15:40 ERROR [ActionServlet] 未登录或登录超时，请重新登录
10:15:40 INFO  [ActionServlet] load Action successfully :com.nstc.portal.action.LoginAction
10:17:03 INFO  [ActionServlet] load Action successfully :com.nstc.portal.action.UserLoginAction
10:17:05 INFO  [ActionServlet] load Action successfully :com.nstc.portal.action.PwdRuleAction
10:17:15 INFO  [ActionServlet] load Action successfully :com.nstc.portal.action.ChangePwdAction
10:17:16 ERROR [ActionServlet] 未登录或登录超时，请重新登录
11:33:27 INFO  [ContextLoader] Root WebApplicationContext: initialization started
11:33:27 INFO  [XmlWebApplicationContext] Refreshing org.springframework.web.context.support.XmlWebApplicationContext@d53153: display name [Root WebApplicationContext]; startup date [Thu May 05 11:33:27 CST 2016]; root of context hierarchy
11:33:27 INFO  [XmlBeanDefinitionReader] Loading XML bean definitions from ServletContext resource [/WEB-INF/classes/portal-root-applicationContext.xml]
11:33:27 INFO  [ContextLoader] Root WebApplicationContext: initialization started
11:33:27 INFO  [XmlWebApplicationContext] Refreshing org.springframework.web.context.support.XmlWebApplicationContext@ae997b: display name [Root WebApplicationContext]; startup date [Thu May 05 11:33:27 CST 2016]; root of context hierarchy
11:33:27 INFO  [XmlBeanDefinitionReader] Loading XML bean definitions from ServletContext resource [/WEB-INF/classes/portal-root-applicationContext.xml]
11:33:27 INFO  [XmlBeanDefinitionReader] Loading XML bean definitions from class path resource [nstc-uas-context/nstc-uas-core.xml]
11:33:27 INFO  [XmlBeanDefinitionReader] Loading XML bean definitions from class path resource [nstc-uas-context/nstc-uas-component.xml]
11:33:27 INFO  [XmlWebApplicationContext] Bean factory for application context [org.springframework.web.context.support.XmlWebApplicationContext@d53153]: org.springframework.beans.factory.support.DefaultListableBeanFactory@4814f9
11:33:27 INFO  [PropertyPlaceholderConfigurer] Loading properties file from class path resource [portal-root-applicationContext.properties]
11:33:27 INFO  [DefaultListableBeanFactory] Pre-instantiating singletons in org.springframework.beans.factory.support.DefaultListableBeanFactory@4814f9: defining beans [org.springframework.beans.factory.config.PropertyPlaceholderConfigurer#0,portal.eventServerHttpProxy,portal.eventServer,UAS.dataSource,UAS.jdbcTemplate,UAS.jdbcTxManager,UAS.transactionInterceptor,org.springframework.aop.framework.autoproxy.BeanNameAutoProxyCreator#0,UAS.eventServer,UAS.LoginAction,UAS.BuildTokensAction,UAS.QryResourcesAction,UAS.SaveAccessLogAction,UAS.QryRssURLsAction,UAS.ValidateSpTokenAction,UAS.LogoutAction,UAS.QryAccessLogAction,UAS.QrySwitchUsersAction,UAS.SwitchUserAction,UAS.QrySysParamAction,UAS.QryPwdRuleAction,UAS.ChangePwdAction,UAS.CustomTreeAction,UAS.QryUserRecentMenuAction,UAS.PersonalFileAction,UAS.UserNoticeAction,UAS.PersonalizeAction,UAS.InitCacheAction,UAS.QryThisMenuChildAction,UAS.CacheStateService,UAS.CacheActionService,UAS.CacheUserService,UAS.CacheActionProvider,UAS.CacheUserProvider,UAS.UserService,UAS.PersonService,UAS.ResourceService,UAS.ResouceProvider,defaultLobHandler,UAS.UserDAO,UAS.PersonDAO,UAS.ResourceDAO,UAS.BasicDAO,UAS.JdbcDaoSupport,UAS.CacheDAO,UAS.CacheUserDAO,UAS.CacheActionDAO]; root of factory hierarchy
11:33:27 INFO  [XmlBeanDefinitionReader] Loading XML bean definitions from class path resource [nstc-uas-context/nstc-uas-core.xml]
11:33:27 INFO  [DAOUtil] fetch UAS address: HTTP://127.0.0.1:5002/UAS/
11:33:27 INFO  [XmlBeanDefinitionReader] Loading XML bean definitions from class path resource [nstc-uas-context/nstc-uas-component.xml]
11:33:27 INFO  [XmlWebApplicationContext] Bean factory for application context [org.springframework.web.context.support.XmlWebApplicationContext@ae997b]: org.springframework.beans.factory.support.DefaultListableBeanFactory@216f75
11:33:27 INFO  [PropertyPlaceholderConfigurer] Loading properties file from class path resource [portal-root-applicationContext.properties]
11:33:28 INFO  [DefaultListableBeanFactory] Pre-instantiating singletons in org.springframework.beans.factory.support.DefaultListableBeanFactory@216f75: defining beans [org.springframework.beans.factory.config.PropertyPlaceholderConfigurer#0,portal.eventServerHttpProxy,portal.eventServer,UAS.dataSource,UAS.jdbcTemplate,UAS.jdbcTxManager,UAS.transactionInterceptor,org.springframework.aop.framework.autoproxy.BeanNameAutoProxyCreator#0,UAS.eventServer,UAS.LoginAction,UAS.BuildTokensAction,UAS.QryResourcesAction,UAS.SaveAccessLogAction,UAS.QryRssURLsAction,UAS.ValidateSpTokenAction,UAS.LogoutAction,UAS.QryAccessLogAction,UAS.QrySwitchUsersAction,UAS.SwitchUserAction,UAS.QrySysParamAction,UAS.QryPwdRuleAction,UAS.ChangePwdAction,UAS.CustomTreeAction,UAS.QryUserRecentMenuAction,UAS.PersonalFileAction,UAS.UserNoticeAction,UAS.PersonalizeAction,UAS.InitCacheAction,UAS.QryThisMenuChildAction,UAS.CacheStateService,UAS.CacheActionService,UAS.CacheUserService,UAS.CacheActionProvider,UAS.CacheUserProvider,UAS.UserService,UAS.PersonService,UAS.ResourceService,UAS.ResouceProvider,defaultLobHandler,UAS.UserDAO,UAS.PersonDAO,UAS.ResourceDAO,UAS.BasicDAO,UAS.JdbcDaoSupport,UAS.CacheDAO,UAS.CacheUserDAO,UAS.CacheActionDAO]; root of factory hierarchy
11:33:28 INFO  [DAOUtil] fetch UAS address: HTTP://127.0.0.1:5001/UAS/
11:33:28 INFO  [ContextLoader] Root WebApplicationContext: initialization completed in 861 ms
11:33:28 INFO  [XssChecker] 加载:defaultXssChecker.res成功！
11:33:28 INFO  [XssChecker] 加载:D:\n9_servers\fss_web\apache-tomcat-6.0.32\webapps\portal\WEB-INF\classes\nstc-safe.properties成功！
11:33:28 INFO  [ContextLoader] Root WebApplicationContext: initialization completed in 866 ms
11:33:28 INFO  [XssChecker] 加载:defaultXssChecker.res成功！
11:33:28 INFO  [XssChecker] 加载:D:\n9_servers\sms_web\apache-tomcat-6.0.32\webapps\portal\WEB-INF\classes\nstc-safe.properties成功！
11:33:57 INFO  [NoActionRequestMapping] 加载URL直接映射：{url:main,needLogin:true,page:themes/@theme/main.jsp}
11:33:57 INFO  [NoActionRequestMapping] 加载URL直接映射：{url:left,needLogin:true,page:themes/@theme/left.jsp}
11:33:57 INFO  [NoActionRequestMapping] 加载URL直接映射：{url:header,needLogin:true,page:themes/@theme/header.jsp}
11:33:57 INFO  [NoActionRequestMapping] 加载URL直接映射：{url:menu,needLogin:true,page:themes/@theme/menu.jsp}
11:33:57 INFO  [NoActionRequestMapping] 加载URL直接映射：{url:bottom,needLogin:true,page:themes/@theme/bottom.jsp}
11:33:57 INFO  [NoActionRequestMapping] 加载URL直接映射：{url:modifyIco,needLogin:true,page:page/personalPortrait.jsp}
11:33:57 INFO  [NoActionRequestMapping] 加载URL直接映射：{url:showModifyIco,needLogin:true,page:page/personalPortraitFrame.jsp}
11:33:57 INFO  [NoActionRequestMapping] 加载URL直接映射：{url:welcome,needLogin:true,page:page/showRss.jsp}
11:33:57 INFO  [NoActionRequestMapping] 加载URL直接映射：{url:menuCustom,needLogin:true,page:page/menuCustom.jsp}
11:33:57 INFO  [NoActionRequestMapping] 加载URL直接映射：{url:editMenuCustom,needLogin:true,page:page/menuCustom_edit.jsp}
11:33:57 INFO  [NoActionRequestMapping] 加载URL直接映射：{url:fileManage,needLogin:true,page:page/fileManage.jsp}
11:33:57 INFO  [NoActionRequestMapping] 加载URL直接映射：{url:uploadPage,needLogin:true,page:page/uploadPage.jsp}
11:33:57 INFO  [NoActionRequestMapping] 加载URL直接映射：{url:notice,needLogin:true,page:page/notice.jsp}
11:33:57 INFO  [NoActionRequestMapping] 加载URL直接映射：{url:viewNotice,needLogin:true,page:page/viewNotice.jsp}
11:33:57 ERROR [ActionServlet] 未登录或登录超时，请重新登录
11:33:57 INFO  [ActionServlet] load Action successfully :com.nstc.portal.action.LoginAction
11:34:01 INFO  [ActionServlet] load Action successfully :com.nstc.portal.action.UserLoginAction
11:34:04 INFO  [ActionServlet] load Action successfully :com.nstc.portal.action.PersonalPortraitAction
11:34:04 INFO  [PersonalPortraitAction] 用户头像存放位置：./ico/
11:34:05 INFO  [ActionServlet] load Action successfully :com.nstc.portal.action.AcquireHelloServiceURLsAction
11:34:05 INFO  [ActionServlet] load Action successfully :com.nstc.portal.action.AcquireUserMenuTreeAction
11:34:12 INFO  [ActionServlet] load Action successfully :com.nstc.portal.action.QryWfRssAction
11:34:12 INFO  [ActionServlet] load Action successfully :com.nstc.portal.action.UserNoticeAction
11:34:13 INFO  [ActionServlet] load Action successfully :com.nstc.portal.action.PersonalizeAction
11:35:05 INFO  [NoActionRequestMapping] 加载URL直接映射：{url:main,needLogin:true,page:themes/@theme/main.jsp}
11:35:05 INFO  [NoActionRequestMapping] 加载URL直接映射：{url:left,needLogin:true,page:themes/@theme/left.jsp}
11:35:05 INFO  [NoActionRequestMapping] 加载URL直接映射：{url:header,needLogin:true,page:themes/@theme/header.jsp}
11:35:05 INFO  [NoActionRequestMapping] 加载URL直接映射：{url:menu,needLogin:true,page:themes/@theme/menu.jsp}
11:35:05 INFO  [NoActionRequestMapping] 加载URL直接映射：{url:bottom,needLogin:true,page:themes/@theme/bottom.jsp}
11:35:05 INFO  [NoActionRequestMapping] 加载URL直接映射：{url:modifyIco,needLogin:true,page:page/personalPortrait.jsp}
11:35:05 INFO  [NoActionRequestMapping] 加载URL直接映射：{url:showModifyIco,needLogin:true,page:page/personalPortraitFrame.jsp}
11:35:05 INFO  [NoActionRequestMapping] 加载URL直接映射：{url:welcome,needLogin:true,page:page/showRss.jsp}
11:35:05 INFO  [NoActionRequestMapping] 加载URL直接映射：{url:menuCustom,needLogin:true,page:page/menuCustom.jsp}
11:35:05 INFO  [NoActionRequestMapping] 加载URL直接映射：{url:editMenuCustom,needLogin:true,page:page/menuCustom_edit.jsp}
11:35:05 INFO  [NoActionRequestMapping] 加载URL直接映射：{url:fileManage,needLogin:true,page:page/fileManage.jsp}
11:35:05 INFO  [NoActionRequestMapping] 加载URL直接映射：{url:uploadPage,needLogin:true,page:page/uploadPage.jsp}
11:35:05 INFO  [NoActionRequestMapping] 加载URL直接映射：{url:notice,needLogin:true,page:page/notice.jsp}
11:35:05 INFO  [NoActionRequestMapping] 加载URL直接映射：{url:viewNotice,needLogin:true,page:page/viewNotice.jsp}
11:35:05 ERROR [ActionServlet] 未登录或登录超时，请重新登录
11:35:05 INFO  [ActionServlet] load Action successfully :com.nstc.portal.action.LoginAction
11:35:05 ERROR [ActionServlet] 未登录或登录超时，请重新登录
11:35:12 INFO  [ActionServlet] load Action successfully :com.nstc.portal.action.SaveAccessLogAction
11:36:01 INFO  [ActionServlet] load Action successfully :com.nstc.portal.action.LogoutAction
11:36:01 ERROR [ActionServlet] 未登录或登录超时，请重新登录
11:36:06 ERROR [ActionServlet] 未登录或登录超时，请重新登录
11:36:08 INFO  [ActionServlet] load Action successfully :com.nstc.portal.action.UserLoginAction
11:36:12 INFO  [ActionServlet] load Action successfully :com.nstc.portal.action.PersonalPortraitAction
11:36:12 INFO  [PersonalPortraitAction] 用户头像存放位置：./ico/
11:36:12 INFO  [ActionServlet] load Action successfully :com.nstc.portal.action.AcquireUserMenuTreeAction
11:36:12 INFO  [ActionServlet] load Action successfully :com.nstc.portal.action.AcquireHelloServiceURLsAction
11:36:16 INFO  [ActionServlet] load Action successfully :com.nstc.portal.action.UserNoticeAction
11:36:16 INFO  [ActionServlet] load Action successfully :com.nstc.portal.action.QryWfRssAction
11:36:17 INFO  [ActionServlet] load Action successfully :com.nstc.portal.action.PersonalizeAction
11:36:18 INFO  [ActionServlet] load Action successfully :com.nstc.portal.action.SaveAccessLogAction
11:41:18 INFO  [ContextLoader] Root WebApplicationContext: initialization started
11:41:18 INFO  [XmlWebApplicationContext] Refreshing org.springframework.web.context.support.XmlWebApplicationContext@133fa14: display name [Root WebApplicationContext]; startup date [Thu May 05 11:41:18 CST 2016]; root of context hierarchy
11:41:18 INFO  [XmlBeanDefinitionReader] Loading XML bean definitions from ServletContext resource [/WEB-INF/classes/portal-root-applicationContext.xml]
11:41:19 INFO  [XmlBeanDefinitionReader] Loading XML bean definitions from class path resource [nstc-uas-context/nstc-uas-core.xml]
11:41:19 INFO  [XmlBeanDefinitionReader] Loading XML bean definitions from class path resource [nstc-uas-context/nstc-uas-component.xml]
11:41:19 INFO  [XmlWebApplicationContext] Bean factory for application context [org.springframework.web.context.support.XmlWebApplicationContext@133fa14]: org.springframework.beans.factory.support.DefaultListableBeanFactory@1ebaf65
11:41:19 INFO  [PropertyPlaceholderConfigurer] Loading properties file from class path resource [portal-root-applicationContext.properties]
11:41:19 INFO  [DefaultListableBeanFactory] Pre-instantiating singletons in org.springframework.beans.factory.support.DefaultListableBeanFactory@1ebaf65: defining beans [org.springframework.beans.factory.config.PropertyPlaceholderConfigurer#0,portal.eventServerHttpProxy,portal.eventServer,UAS.dataSource,UAS.jdbcTemplate,UAS.jdbcTxManager,UAS.transactionInterceptor,org.springframework.aop.framework.autoproxy.BeanNameAutoProxyCreator#0,UAS.eventServer,UAS.LoginAction,UAS.BuildTokensAction,UAS.QryResourcesAction,UAS.SaveAccessLogAction,UAS.QryRssURLsAction,UAS.ValidateSpTokenAction,UAS.LogoutAction,UAS.QryAccessLogAction,UAS.QrySwitchUsersAction,UAS.SwitchUserAction,UAS.QrySysParamAction,UAS.QryPwdRuleAction,UAS.ChangePwdAction,UAS.CustomTreeAction,UAS.QryUserRecentMenuAction,UAS.PersonalFileAction,UAS.UserNoticeAction,UAS.PersonalizeAction,UAS.InitCacheAction,UAS.QryThisMenuChildAction,UAS.CacheStateService,UAS.CacheActionService,UAS.CacheUserService,UAS.CacheActionProvider,UAS.CacheUserProvider,UAS.UserService,UAS.PersonService,UAS.ResourceService,UAS.ResouceProvider,defaultLobHandler,UAS.UserDAO,UAS.PersonDAO,UAS.ResourceDAO,UAS.BasicDAO,UAS.JdbcDaoSupport,UAS.CacheDAO,UAS.CacheUserDAO,UAS.CacheActionDAO]; root of factory hierarchy
11:41:19 INFO  [DAOUtil] fetch UAS address: HTTP://127.0.0.1:5002/UAS/
11:41:19 INFO  [ContextLoader] Root WebApplicationContext: initialization started
11:41:19 INFO  [XmlWebApplicationContext] Refreshing org.springframework.web.context.support.XmlWebApplicationContext@17925ae: display name [Root WebApplicationContext]; startup date [Thu May 05 11:41:19 CST 2016]; root of context hierarchy
11:41:19 INFO  [XmlBeanDefinitionReader] Loading XML bean definitions from ServletContext resource [/WEB-INF/classes/portal-root-applicationContext.xml]
11:41:19 INFO  [ContextLoader] Root WebApplicationContext: initialization completed in 867 ms
11:41:19 INFO  [XssChecker] 加载:defaultXssChecker.res成功！
11:41:19 INFO  [XssChecker] 加载:D:\n9_servers\fss_web\apache-tomcat-6.0.32\webapps\portal\WEB-INF\classes\nstc-safe.properties成功！
11:41:19 INFO  [XmlBeanDefinitionReader] Loading XML bean definitions from class path resource [nstc-uas-context/nstc-uas-core.xml]
11:41:19 INFO  [XmlBeanDefinitionReader] Loading XML bean definitions from class path resource [nstc-uas-context/nstc-uas-component.xml]
11:41:19 INFO  [XmlWebApplicationContext] Bean factory for application context [org.springframework.web.context.support.XmlWebApplicationContext@17925ae]: org.springframework.beans.factory.support.DefaultListableBeanFactory@164c164
11:41:19 INFO  [PropertyPlaceholderConfigurer] Loading properties file from class path resource [portal-root-applicationContext.properties]
11:41:19 INFO  [DefaultListableBeanFactory] Pre-instantiating singletons in org.springframework.beans.factory.support.DefaultListableBeanFactory@164c164: defining beans [org.springframework.beans.factory.config.PropertyPlaceholderConfigurer#0,portal.eventServerHttpProxy,portal.eventServer,UAS.dataSource,UAS.jdbcTemplate,UAS.jdbcTxManager,UAS.transactionInterceptor,org.springframework.aop.framework.autoproxy.BeanNameAutoProxyCreator#0,UAS.eventServer,UAS.LoginAction,UAS.BuildTokensAction,UAS.QryResourcesAction,UAS.SaveAccessLogAction,UAS.QryRssURLsAction,UAS.ValidateSpTokenAction,UAS.LogoutAction,UAS.QryAccessLogAction,UAS.QrySwitchUsersAction,UAS.SwitchUserAction,UAS.QrySysParamAction,UAS.QryPwdRuleAction,UAS.ChangePwdAction,UAS.CustomTreeAction,UAS.QryUserRecentMenuAction,UAS.PersonalFileAction,UAS.UserNoticeAction,UAS.PersonalizeAction,UAS.InitCacheAction,UAS.QryThisMenuChildAction,UAS.CacheStateService,UAS.CacheActionService,UAS.CacheUserService,UAS.CacheActionProvider,UAS.CacheUserProvider,UAS.UserService,UAS.PersonService,UAS.ResourceService,UAS.ResouceProvider,defaultLobHandler,UAS.UserDAO,UAS.PersonDAO,UAS.ResourceDAO,UAS.BasicDAO,UAS.JdbcDaoSupport,UAS.CacheDAO,UAS.CacheUserDAO,UAS.CacheActionDAO]; root of factory hierarchy
11:41:19 INFO  [DAOUtil] fetch UAS address: HTTP://127.0.0.1:5001/UAS/
11:41:20 INFO  [ContextLoader] Root WebApplicationContext: initialization completed in 849 ms
11:41:20 INFO  [XssChecker] 加载:defaultXssChecker.res成功！
11:41:20 INFO  [XssChecker] 加载:D:\n9_servers\sms_web\apache-tomcat-6.0.32\webapps\portal\WEB-INF\classes\nstc-safe.properties成功！
11:41:22 INFO  [NoActionRequestMapping] 加载URL直接映射：{url:main,needLogin:true,page:themes/@theme/main.jsp}
11:41:22 INFO  [NoActionRequestMapping] 加载URL直接映射：{url:left,needLogin:true,page:themes/@theme/left.jsp}
11:41:22 INFO  [NoActionRequestMapping] 加载URL直接映射：{url:header,needLogin:true,page:themes/@theme/header.jsp}
11:41:22 INFO  [NoActionRequestMapping] 加载URL直接映射：{url:menu,needLogin:true,page:themes/@theme/menu.jsp}
11:41:22 INFO  [NoActionRequestMapping] 加载URL直接映射：{url:bottom,needLogin:true,page:themes/@theme/bottom.jsp}
11:41:22 INFO  [NoActionRequestMapping] 加载URL直接映射：{url:modifyIco,needLogin:true,page:page/personalPortrait.jsp}
11:41:22 INFO  [NoActionRequestMapping] 加载URL直接映射：{url:showModifyIco,needLogin:true,page:page/personalPortraitFrame.jsp}
11:41:22 INFO  [NoActionRequestMapping] 加载URL直接映射：{url:welcome,needLogin:true,page:page/showRss.jsp}
11:41:22 INFO  [NoActionRequestMapping] 加载URL直接映射：{url:menuCustom,needLogin:true,page:page/menuCustom.jsp}
11:41:22 INFO  [NoActionRequestMapping] 加载URL直接映射：{url:editMenuCustom,needLogin:true,page:page/menuCustom_edit.jsp}
11:41:22 INFO  [NoActionRequestMapping] 加载URL直接映射：{url:fileManage,needLogin:true,page:page/fileManage.jsp}
11:41:22 INFO  [NoActionRequestMapping] 加载URL直接映射：{url:uploadPage,needLogin:true,page:page/uploadPage.jsp}
11:41:22 INFO  [NoActionRequestMapping] 加载URL直接映射：{url:notice,needLogin:true,page:page/notice.jsp}
11:41:22 INFO  [NoActionRequestMapping] 加载URL直接映射：{url:viewNotice,needLogin:true,page:page/viewNotice.jsp}
11:41:22 INFO  [ActionServlet] load Action successfully :com.nstc.portal.action.QryWfRssAction
11:41:22 INFO  [ActionServlet] load Action successfully :com.nstc.portal.action.UserNoticeAction
11:41:22 ERROR [ActionServlet] 未登录或登录超时，请重新登录
11:41:22 ERROR [ActionServlet] 未登录或登录超时，请重新登录
