10:11:37 INFO  [ContextLoader] Root WebApplicationContext: initialization started
10:11:37 INFO  [XmlWebApplicationContext] Refreshing org.springframework.web.context.support.XmlWebApplicationContext@b41166: display name [Root WebApplicationContext]; startup date [Thu May 05 10:11:37 CST 2016]; root of context hierarchy
10:11:37 INFO  [XmlBeanDefinitionReader] Loading XML bean definitions from class path resource [nstc-uas-config.xml]
10:11:37 INFO  [XmlBeanDefinitionReader] Loading XML bean definitions from class path resource [nstc-uas-context/nstc-uas-core.xml]
10:11:37 INFO  [XmlBeanDefinitionReader] Loading XML bean definitions from class path resource [nstc-uas-context/nstc-uas-component.xml]
10:11:37 INFO  [XmlWebApplicationContext] Bean factory for application context [org.springframework.web.context.support.XmlWebApplicationContext@b41166]: org.springframework.beans.factory.support.DefaultListableBeanFactory@482bad
10:11:37 INFO  [DefaultListableBeanFactory] Pre-instantiating singletons in org.springframework.beans.factory.support.DefaultListableBeanFactory@482bad: defining beans [UAS.dataSource,UAS.jdbcTemplate,UAS.jdbcTxManager,UAS.transactionInterceptor,org.springframework.aop.framework.autoproxy.BeanNameAutoProxyCreator#0,UAS.eventServer,UAS.LoginAction,UAS.BuildTokensAction,UAS.QryResourcesAction,UAS.SaveAccessLogAction,UAS.QryRssURLsAction,UAS.ValidateSpTokenAction,UAS.LogoutAction,UAS.QryAccessLogAction,UAS.QrySwitchUsersAction,UAS.SwitchUserAction,UAS.QrySysParamAction,UAS.QryPwdRuleAction,UAS.ChangePwdAction,UAS.CustomTreeAction,UAS.QryUserRecentMenuAction,UAS.PersonalFileAction,UAS.UserNoticeAction,UAS.PersonalizeAction,UAS.InitCacheAction,UAS.QryThisMenuChildAction,UAS.CacheStateService,UAS.CacheActionService,UAS.CacheUserService,UAS.CacheActionProvider,UAS.CacheUserProvider,UAS.UserService,UAS.PersonService,UAS.ResourceService,UAS.ResouceProvider,defaultLobHandler,UAS.UserDAO,UAS.PersonDAO,UAS.ResourceDAO,UAS.BasicDAO,UAS.JdbcDaoSupport,UAS.CacheDAO,UAS.CacheUserDAO,UAS.CacheActionDAO]; root of factory hierarchy
10:11:39 INFO  [ContextLoader] Root WebApplicationContext: initialization completed in 1512 ms
10:11:43 INFO  [ContextLoader] Root WebApplicationContext: initialization started
10:11:43 INFO  [XmlWebApplicationContext] Refreshing org.springframework.web.context.support.XmlWebApplicationContext@1e2481b: display name [Root WebApplicationContext]; startup date [Thu May 05 10:11:43 CST 2016]; root of context hierarchy
10:11:43 INFO  [XmlBeanDefinitionReader] Loading XML bean definitions from class path resource [nstc-uas-config.xml]
10:11:43 INFO  [XmlBeanDefinitionReader] Loading XML bean definitions from class path resource [nstc-uas-context/nstc-uas-core.xml]
10:11:44 INFO  [XmlBeanDefinitionReader] Loading XML bean definitions from class path resource [nstc-uas-context/nstc-uas-component.xml]
10:11:44 INFO  [XmlWebApplicationContext] Bean factory for application context [org.springframework.web.context.support.XmlWebApplicationContext@1e2481b]: org.springframework.beans.factory.support.DefaultListableBeanFactory@2ba88c
10:11:44 INFO  [DefaultListableBeanFactory] Pre-instantiating singletons in org.springframework.beans.factory.support.DefaultListableBeanFactory@2ba88c: defining beans [UAS.dataSource,UAS.jdbcTemplate,UAS.jdbcTxManager,UAS.transactionInterceptor,org.springframework.aop.framework.autoproxy.BeanNameAutoProxyCreator#0,UAS.eventServer,UAS.LoginAction,UAS.BuildTokensAction,UAS.QryResourcesAction,UAS.SaveAccessLogAction,UAS.QryRssURLsAction,UAS.ValidateSpTokenAction,UAS.LogoutAction,UAS.QryAccessLogAction,UAS.QrySwitchUsersAction,UAS.SwitchUserAction,UAS.QrySysParamAction,UAS.QryPwdRuleAction,UAS.ChangePwdAction,UAS.CustomTreeAction,UAS.QryUserRecentMenuAction,UAS.PersonalFileAction,UAS.UserNoticeAction,UAS.PersonalizeAction,UAS.InitCacheAction,UAS.QryThisMenuChildAction,UAS.CacheStateService,UAS.CacheActionService,UAS.CacheUserService,UAS.CacheActionProvider,UAS.CacheUserProvider,UAS.UserService,UAS.PersonService,UAS.ResourceService,UAS.ResouceProvider,defaultLobHandler,UAS.UserDAO,UAS.PersonDAO,UAS.ResourceDAO,UAS.BasicDAO,UAS.JdbcDaoSupport,UAS.CacheDAO,UAS.CacheUserDAO,UAS.CacheActionDAO]; root of factory hierarchy
10:11:45 INFO  [ContextLoader] Root WebApplicationContext: initialization completed in 1501 ms
10:11:46 INFO  [ContextLoader] Root WebApplicationContext: initialization started
10:11:46 INFO  [XmlWebApplicationContext] Refreshing org.springframework.web.context.support.XmlWebApplicationContext@18e400b: display name [Root WebApplicationContext]; startup date [Thu May 05 10:11:46 CST 2016]; root of context hierarchy
10:11:46 INFO  [XmlBeanDefinitionReader] Loading XML bean definitions from class path resource [nstc-uas-config.xml]
10:11:46 INFO  [XmlBeanDefinitionReader] Loading XML bean definitions from class path resource [nstc-uas-context/nstc-uas-core.xml]
10:11:46 INFO  [XmlBeanDefinitionReader] Loading XML bean definitions from class path resource [nstc-uas-context/nstc-uas-component.xml]
10:11:46 INFO  [XmlWebApplicationContext] Bean factory for application context [org.springframework.web.context.support.XmlWebApplicationContext@18e400b]: org.springframework.beans.factory.support.DefaultListableBeanFactory@af0e38
10:11:46 INFO  [DefaultListableBeanFactory] Pre-instantiating singletons in org.springframework.beans.factory.support.DefaultListableBeanFactory@af0e38: defining beans [UAS.dataSource,UAS.jdbcTemplate,UAS.jdbcTxManager,UAS.transactionInterceptor,org.springframework.aop.framework.autoproxy.BeanNameAutoProxyCreator#0,UAS.eventServer,UAS.LoginAction,UAS.BuildTokensAction,UAS.QryResourcesAction,UAS.SaveAccessLogAction,UAS.QryRssURLsAction,UAS.ValidateSpTokenAction,UAS.LogoutAction,UAS.QryAccessLogAction,UAS.QrySwitchUsersAction,UAS.SwitchUserAction,UAS.QrySysParamAction,UAS.QryPwdRuleAction,UAS.ChangePwdAction,UAS.CustomTreeAction,UAS.QryUserRecentMenuAction,UAS.PersonalFileAction,UAS.UserNoticeAction,UAS.PersonalizeAction,UAS.InitCacheAction,UAS.QryThisMenuChildAction,UAS.CacheStateService,UAS.CacheActionService,UAS.CacheUserService,UAS.CacheActionProvider,UAS.CacheUserProvider,UAS.UserService,UAS.PersonService,UAS.ResourceService,UAS.ResouceProvider,defaultLobHandler,UAS.UserDAO,UAS.PersonDAO,UAS.ResourceDAO,UAS.BasicDAO,UAS.JdbcDaoSupport,UAS.CacheDAO,UAS.CacheUserDAO,UAS.CacheActionDAO]; root of factory hierarchy
10:11:46 INFO  [ContextLoader] Root WebApplicationContext: initialization completed in 598 ms
11:33:13 INFO  [ContextLoader] Root WebApplicationContext: initialization started
11:33:13 INFO  [XmlWebApplicationContext] Refreshing org.springframework.web.context.support.XmlWebApplicationContext@1e2481b: display name [Root WebApplicationContext]; startup date [Thu May 05 11:33:13 CST 2016]; root of context hierarchy
11:33:13 INFO  [XmlBeanDefinitionReader] Loading XML bean definitions from class path resource [nstc-uas-config.xml]
11:33:13 INFO  [XmlBeanDefinitionReader] Loading XML bean definitions from class path resource [nstc-uas-context/nstc-uas-core.xml]
11:33:13 INFO  [XmlBeanDefinitionReader] Loading XML bean definitions from class path resource [nstc-uas-context/nstc-uas-component.xml]
11:33:13 INFO  [XmlWebApplicationContext] Bean factory for application context [org.springframework.web.context.support.XmlWebApplicationContext@1e2481b]: org.springframework.beans.factory.support.DefaultListableBeanFactory@2ba88c
11:33:14 INFO  [DefaultListableBeanFactory] Pre-instantiating singletons in org.springframework.beans.factory.support.DefaultListableBeanFactory@2ba88c: defining beans [UAS.dataSource,UAS.jdbcTemplate,UAS.jdbcTxManager,UAS.transactionInterceptor,org.springframework.aop.framework.autoproxy.BeanNameAutoProxyCreator#0,UAS.eventServer,UAS.LoginAction,UAS.BuildTokensAction,UAS.QryResourcesAction,UAS.SaveAccessLogAction,UAS.QryRssURLsAction,UAS.ValidateSpTokenAction,UAS.LogoutAction,UAS.QryAccessLogAction,UAS.QrySwitchUsersAction,UAS.SwitchUserAction,UAS.QrySysParamAction,UAS.QryPwdRuleAction,UAS.ChangePwdAction,UAS.CustomTreeAction,UAS.QryUserRecentMenuAction,UAS.PersonalFileAction,UAS.UserNoticeAction,UAS.PersonalizeAction,UAS.InitCacheAction,UAS.QryThisMenuChildAction,UAS.CacheStateService,UAS.CacheActionService,UAS.CacheUserService,UAS.CacheActionProvider,UAS.CacheUserProvider,UAS.UserService,UAS.PersonService,UAS.ResourceService,UAS.ResouceProvider,defaultLobHandler,UAS.UserDAO,UAS.PersonDAO,UAS.ResourceDAO,UAS.BasicDAO,UAS.JdbcDaoSupport,UAS.CacheDAO,UAS.CacheUserDAO,UAS.CacheActionDAO]; root of factory hierarchy
11:33:15 INFO  [ContextLoader] Root WebApplicationContext: initialization completed in 1678 ms
11:33:16 INFO  [ContextLoader] Root WebApplicationContext: initialization started
11:33:16 INFO  [XmlWebApplicationContext] Refreshing org.springframework.web.context.support.XmlWebApplicationContext@10a2bb0: display name [Root WebApplicationContext]; startup date [Thu May 05 11:33:16 CST 2016]; root of context hierarchy
11:33:16 INFO  [XmlBeanDefinitionReader] Loading XML bean definitions from class path resource [nstc-uas-config.xml]
11:33:16 INFO  [XmlBeanDefinitionReader] Loading XML bean definitions from class path resource [nstc-uas-context/nstc-uas-core.xml]
11:33:16 INFO  [XmlBeanDefinitionReader] Loading XML bean definitions from class path resource [nstc-uas-context/nstc-uas-component.xml]
11:33:16 INFO  [XmlWebApplicationContext] Bean factory for application context [org.springframework.web.context.support.XmlWebApplicationContext@10a2bb0]: org.springframework.beans.factory.support.DefaultListableBeanFactory@2098ff
11:33:16 INFO  [DefaultListableBeanFactory] Pre-instantiating singletons in org.springframework.beans.factory.support.DefaultListableBeanFactory@2098ff: defining beans [UAS.dataSource,UAS.jdbcTemplate,UAS.jdbcTxManager,UAS.transactionInterceptor,org.springframework.aop.framework.autoproxy.BeanNameAutoProxyCreator#0,UAS.eventServer,UAS.LoginAction,UAS.BuildTokensAction,UAS.QryResourcesAction,UAS.SaveAccessLogAction,UAS.QryRssURLsAction,UAS.ValidateSpTokenAction,UAS.LogoutAction,UAS.QryAccessLogAction,UAS.QrySwitchUsersAction,UAS.SwitchUserAction,UAS.QrySysParamAction,UAS.QryPwdRuleAction,UAS.ChangePwdAction,UAS.CustomTreeAction,UAS.QryUserRecentMenuAction,UAS.PersonalFileAction,UAS.UserNoticeAction,UAS.PersonalizeAction,UAS.InitCacheAction,UAS.QryThisMenuChildAction,UAS.CacheStateService,UAS.CacheActionService,UAS.CacheUserService,UAS.CacheActionProvider,UAS.CacheUserProvider,UAS.UserService,UAS.PersonService,UAS.ResourceService,UAS.ResouceProvider,defaultLobHandler,UAS.UserDAO,UAS.PersonDAO,UAS.ResourceDAO,UAS.BasicDAO,UAS.JdbcDaoSupport,UAS.CacheDAO,UAS.CacheUserDAO,UAS.CacheActionDAO]; root of factory hierarchy
11:33:16 INFO  [ContextLoader] Root WebApplicationContext: initialization completed in 606 ms
11:33:57 INFO  [UasDispatcherServlet] FrameworkServlet 'uas-remote-servlet': initialization started
11:33:57 INFO  [XmlWebApplicationContext] Refreshing org.springframework.web.context.support.XmlWebApplicationContext@98ba6f: display name [WebApplicationContext for namespace 'uas-remote-servlet-servlet']; startup date [Thu May 05 11:33:57 CST 2016]; parent: org.springframework.web.context.support.XmlWebApplicationContext@1e2481b
11:33:57 INFO  [XmlBeanDefinitionReader] Loading XML bean definitions from class path resource [nstc-uas-remote.xml]
11:33:57 INFO  [XmlWebApplicationContext] Bean factory for application context [org.springframework.web.context.support.XmlWebApplicationContext@98ba6f]: org.springframework.beans.factory.support.DefaultListableBeanFactory@18be602
11:33:57 INFO  [DefaultListableBeanFactory] Pre-instantiating singletons in org.springframework.beans.factory.support.DefaultListableBeanFactory@18be602: defining beans [UAS.urlMapping,UAS.remoting.eventServer]; parent: org.springframework.beans.factory.support.DefaultListableBeanFactory@2ba88c
11:33:57 INFO  [UasDispatcherServlet] FrameworkServlet 'uas-remote-servlet': initialization completed in 201 ms
11:34:55 INFO  [TokenPool] 50002ms already spend.token clear: sid=17AE1D1D755AA22C79690F5627E671FC
11:35:05 INFO  [UasDispatcherServlet] FrameworkServlet 'uas-remote-servlet': initialization started
11:35:05 INFO  [XmlWebApplicationContext] Refreshing org.springframework.web.context.support.XmlWebApplicationContext@9e37d7: display name [WebApplicationContext for namespace 'uas-remote-servlet-servlet']; startup date [Thu May 05 11:35:05 CST 2016]; parent: org.springframework.web.context.support.XmlWebApplicationContext@10a2bb0
11:35:05 INFO  [XmlBeanDefinitionReader] Loading XML bean definitions from class path resource [nstc-uas-remote.xml]
11:35:05 INFO  [XmlWebApplicationContext] Bean factory for application context [org.springframework.web.context.support.XmlWebApplicationContext@9e37d7]: org.springframework.beans.factory.support.DefaultListableBeanFactory@1395472
11:35:05 INFO  [DefaultListableBeanFactory] Pre-instantiating singletons in org.springframework.beans.factory.support.DefaultListableBeanFactory@1395472: defining beans [UAS.urlMapping,UAS.remoting.eventServer]; parent: org.springframework.beans.factory.support.DefaultListableBeanFactory@2098ff
11:35:05 INFO  [UasDispatcherServlet] FrameworkServlet 'uas-remote-servlet': initialization completed in 81 ms
11:35:59 INFO  [TokenPool] 50001ms already spend.token clear: sid=CB6933AB0A34FDA429DCDB0691E47579
11:36:53 INFO  [TokenPool] 50001ms already spend.token clear: sid=D5BB012708A32F0D6D99F02B6F11DE90
11:37:06 INFO  [TokenPool] 50001ms already spend.token clear: sid=BCF1AD6A071FB0B82E515FF62CB234EA
11:41:08 INFO  [ContextLoader] Root WebApplicationContext: initialization started
11:41:08 INFO  [XmlWebApplicationContext] Refreshing org.springframework.web.context.support.XmlWebApplicationContext@ebf3f0: display name [Root WebApplicationContext]; startup date [Thu May 05 11:41:08 CST 2016]; root of context hierarchy
11:41:08 INFO  [XmlBeanDefinitionReader] Loading XML bean definitions from class path resource [nstc-uas-config.xml]
11:41:08 INFO  [XmlBeanDefinitionReader] Loading XML bean definitions from class path resource [nstc-uas-context/nstc-uas-core.xml]
11:41:08 INFO  [XmlBeanDefinitionReader] Loading XML bean definitions from class path resource [nstc-uas-context/nstc-uas-component.xml]
11:41:08 INFO  [XmlWebApplicationContext] Bean factory for application context [org.springframework.web.context.support.XmlWebApplicationContext@ebf3f0]: org.springframework.beans.factory.support.DefaultListableBeanFactory@46a55e
11:41:08 INFO  [DefaultListableBeanFactory] Pre-instantiating singletons in org.springframework.beans.factory.support.DefaultListableBeanFactory@46a55e: defining beans [UAS.dataSource,UAS.jdbcTemplate,UAS.jdbcTxManager,UAS.transactionInterceptor,org.springframework.aop.framework.autoproxy.BeanNameAutoProxyCreator#0,UAS.eventServer,UAS.LoginAction,UAS.BuildTokensAction,UAS.QryResourcesAction,UAS.SaveAccessLogAction,UAS.QryRssURLsAction,UAS.ValidateSpTokenAction,UAS.LogoutAction,UAS.QryAccessLogAction,UAS.QrySwitchUsersAction,UAS.SwitchUserAction,UAS.QrySysParamAction,UAS.QryPwdRuleAction,UAS.ChangePwdAction,UAS.CustomTreeAction,UAS.QryUserRecentMenuAction,UAS.PersonalFileAction,UAS.UserNoticeAction,UAS.PersonalizeAction,UAS.InitCacheAction,UAS.QryThisMenuChildAction,UAS.CacheStateService,UAS.CacheActionService,UAS.CacheUserService,UAS.CacheActionProvider,UAS.CacheUserProvider,UAS.UserService,UAS.PersonService,UAS.ResourceService,UAS.ResouceProvider,defaultLobHandler,UAS.UserDAO,UAS.PersonDAO,UAS.ResourceDAO,UAS.BasicDAO,UAS.JdbcDaoSupport,UAS.CacheDAO,UAS.CacheUserDAO,UAS.CacheActionDAO]; root of factory hierarchy
11:41:10 INFO  [ContextLoader] Root WebApplicationContext: initialization completed in 1722 ms
11:41:10 INFO  [ContextLoader] Root WebApplicationContext: initialization started
11:41:10 INFO  [XmlWebApplicationContext] Refreshing org.springframework.web.context.support.XmlWebApplicationContext@21e5f0: display name [Root WebApplicationContext]; startup date [Thu May 05 11:41:10 CST 2016]; root of context hierarchy
11:41:10 INFO  [XmlBeanDefinitionReader] Loading XML bean definitions from class path resource [nstc-uas-config.xml]
11:41:10 INFO  [XmlBeanDefinitionReader] Loading XML bean definitions from class path resource [nstc-uas-context/nstc-uas-core.xml]
11:41:10 INFO  [XmlBeanDefinitionReader] Loading XML bean definitions from class path resource [nstc-uas-context/nstc-uas-component.xml]
11:41:10 INFO  [XmlWebApplicationContext] Bean factory for application context [org.springframework.web.context.support.XmlWebApplicationContext@21e5f0]: org.springframework.beans.factory.support.DefaultListableBeanFactory@16e3762
11:41:10 INFO  [DefaultListableBeanFactory] Pre-instantiating singletons in org.springframework.beans.factory.support.DefaultListableBeanFactory@16e3762: defining beans [UAS.dataSource,UAS.jdbcTemplate,UAS.jdbcTxManager,UAS.transactionInterceptor,org.springframework.aop.framework.autoproxy.BeanNameAutoProxyCreator#0,UAS.eventServer,UAS.LoginAction,UAS.BuildTokensAction,UAS.QryResourcesAction,UAS.SaveAccessLogAction,UAS.QryRssURLsAction,UAS.ValidateSpTokenAction,UAS.LogoutAction,UAS.QryAccessLogAction,UAS.QrySwitchUsersAction,UAS.SwitchUserAction,UAS.QrySysParamAction,UAS.QryPwdRuleAction,UAS.ChangePwdAction,UAS.CustomTreeAction,UAS.QryUserRecentMenuAction,UAS.PersonalFileAction,UAS.UserNoticeAction,UAS.PersonalizeAction,UAS.InitCacheAction,UAS.QryThisMenuChildAction,UAS.CacheStateService,UAS.CacheActionService,UAS.CacheUserService,UAS.CacheActionProvider,UAS.CacheUserProvider,UAS.UserService,UAS.PersonService,UAS.ResourceService,UAS.ResouceProvider,defaultLobHandler,UAS.UserDAO,UAS.PersonDAO,UAS.ResourceDAO,UAS.BasicDAO,UAS.JdbcDaoSupport,UAS.CacheDAO,UAS.CacheUserDAO,UAS.CacheActionDAO]; root of factory hierarchy
11:41:10 INFO  [ContextLoader] Root WebApplicationContext: initialization completed in 584 ms
11:41:22 INFO  [UasDispatcherServlet] FrameworkServlet 'uas-remote-servlet': initialization started
11:41:22 INFO  [XmlWebApplicationContext] Refreshing org.springframework.web.context.support.XmlWebApplicationContext@1737be7: display name [WebApplicationContext for namespace 'uas-remote-servlet-servlet']; startup date [Thu May 05 11:41:22 CST 2016]; parent: org.springframework.web.context.support.XmlWebApplicationContext@21e5f0
11:41:22 INFO  [XmlBeanDefinitionReader] Loading XML bean definitions from class path resource [nstc-uas-remote.xml]
11:41:22 INFO  [XmlWebApplicationContext] Bean factory for application context [org.springframework.web.context.support.XmlWebApplicationContext@1737be7]: org.springframework.beans.factory.support.DefaultListableBeanFactory@cd7fdb
11:41:22 INFO  [DefaultListableBeanFactory] Pre-instantiating singletons in org.springframework.beans.factory.support.DefaultListableBeanFactory@cd7fdb: defining beans [UAS.urlMapping,UAS.remoting.eventServer]; parent: org.springframework.beans.factory.support.DefaultListableBeanFactory@16e3762
11:41:22 INFO  [UasDispatcherServlet] FrameworkServlet 'uas-remote-servlet': initialization completed in 65 ms
